This is pdfTeX, Version 3.14159265-2.6-1.40.20 (TeX Live 2019/Debian) (preloaded format=pdflatex 2020.7.28)  30 SEP 2020 17:45
entering extended mode
 restricted \write18 enabled.
 %&-line parsing enabled.
**tesi.tex
(./tesi.tex
LaTeX2e <2020-02-02> patch level 2
L3 programming layer <2020-02-14>
(/usr/share/texlive/texmf-dist/tex/latex/base/book.cls
Document Class: book 2019/12/20 v1.4l Standard LaTeX document class
(/usr/share/texlive/texmf-dist/tex/latex/base/bk11.clo
File: bk11.clo 2019/12/20 v1.4l Standard LaTeX file (size option)
)
\c@part=\count167
\c@chapter=\count168
\c@section=\count169
\c@subsection=\count170
\c@subsubsection=\count171
\c@paragraph=\count172
\c@subparagraph=\count173
\c@figure=\count174
\c@table=\count175
\abovecaptionskip=\skip47
\belowcaptionskip=\skip48
\bibindent=\dimen134
)
(/usr/share/texlive/texmf-dist/tex/latex/pdfx/pdfx.sty
Package: pdfx 2019/02/27 v1.6.3 PDF/X and PDF/A support (CVR/HTH/RRM/PS)
\pdfx@minorversion=\count176

(/usr/share/texlive/texmf-dist/tex/generic/iftex/iftex.sty
Package: iftex 2019/11/07 v1.0c TeX engine tests
)
(/usr/share/texlive/texmf-dist/tex/generic/iftex/ifpdf.sty
Package: ifpdf 2019/10/25 v3.4 ifpdf legacy package. Use iftex instead.
)
(/usr/share/texlive/texmf-dist/tex/generic/iftex/ifxetex.sty
Package: ifxetex 2019/10/25 v0.7 ifxetex legacy package. Use iftex instead.
)
(/usr/share/texlive/texmf-dist/tex/latex/ms/everyshi.sty
Package: everyshi 2001/05/15 v3.00 EveryShipout Package (MS)
)
(/usr/share/texlive/texmf-dist/tex/generic/iftex/ifluatex.sty
Package: ifluatex 2019/10/25 v1.5 ifluatex legacy package. Use iftex instead.
){/var/lib/texmf/fonts/map/pdftex/updmap/pdftex.map}
(/usr/share/texlive/texmf-dist/tex/latex/base/inputenc.sty
Package: inputenc 2018/08/11 v1.3c Input encoding file
\inpenc@prehook=\toks14
\inpenc@posthook=\toks15
)
(/usr/share/texlive/texmf-dist/tex/latex/pdfx/l8u-penc.def
File: l8u-penc.def 2017/06/23 v0.8 Custom LaTeX file, for UTF8 encoded letters 
and symbols
LaTeX Info: Composite with undeclared \b in encoding L8U on input line 278.
)
\pdfxsafeforxmp@toks=\toks16

(/usr/share/texlive/texmf-dist/tex/latex/xcolor/xcolor.sty
Package: xcolor 2016/05/11 v2.12 LaTeX color extensions (UK)

(/usr/share/texlive/texmf-dist/tex/latex/graphics-cfg/color.cfg
File: color.cfg 2016/01/02 v1.6 sample color configuration
)
Package xcolor Info: Driver file: pdftex.def on input line 225.

(/usr/share/texlive/texmf-dist/tex/latex/graphics-def/pdftex.def
File: pdftex.def 2018/01/08 v1.0l Graphics/color driver for pdftex
)
Package xcolor Info: Model `cmy' substituted by `cmy0' on input line 1348.
Package xcolor Info: Model `hsb' substituted by `rgb' on input line 1352.
Package xcolor Info: Model `RGB' extended on input line 1364.
Package xcolor Info: Model `HTML' substituted by `rgb' on input line 1366.
Package xcolor Info: Model `Hsb' substituted by `hsb' on input line 1367.
Package xcolor Info: Model `tHsb' substituted by `hsb' on input line 1368.
Package xcolor Info: Model `HSB' substituted by `hsb' on input line 1369.
Package xcolor Info: Model `Gray' substituted by `gray' on input line 1370.
Package xcolor Info: Model `wave' substituted by `hsb' on input line 1371.
)
\pdfx@tmptoks=\toks17

(/usr/share/texlive/texmf-dist/tex/latex/hyperref/hyperref.sty
Package: hyperref 2020/01/14 v7.00d Hypertext links for LaTeX

(/usr/share/texlive/texmf-dist/tex/generic/ltxcmds/ltxcmds.sty
Package: ltxcmds 2019/12/15 v1.24 LaTeX kernel commands for general use (HO)
)
(/usr/share/texlive/texmf-dist/tex/latex/pdftexcmds/pdftexcmds.sty
Package: pdftexcmds 2019/11/24 v0.31 Utility functions of pdfTeX for LuaTeX (HO
)

(/usr/share/texlive/texmf-dist/tex/generic/infwarerr/infwarerr.sty
Package: infwarerr 2019/12/03 v1.5 Providing info/warning/error messages (HO)
)
Package pdftexcmds Info: \pdf@primitive is available.
Package pdftexcmds Info: \pdf@ifprimitive is available.
Package pdftexcmds Info: \pdfdraftmode found.
)
(/usr/share/texlive/texmf-dist/tex/latex/graphics/keyval.sty
Package: keyval 2014/10/28 v1.15 key=value parser (DPC)
\KV@toks@=\toks18
)
(/usr/share/texlive/texmf-dist/tex/generic/kvsetkeys/kvsetkeys.sty
Package: kvsetkeys 2019/12/15 v1.18 Key value parser (HO)
)
(/usr/share/texlive/texmf-dist/tex/generic/kvdefinekeys/kvdefinekeys.sty
Package: kvdefinekeys 2019-12-19 v1.6 Define keys (HO)
)
(/usr/share/texlive/texmf-dist/tex/generic/pdfescape/pdfescape.sty
Package: pdfescape 2019/12/09 v1.15 Implements pdfTeX's escape features (HO)
)
(/usr/share/texlive/texmf-dist/tex/latex/hycolor/hycolor.sty
Package: hycolor 2020-01-27 v1.10 Color options for hyperref/bookmark (HO)
)
(/usr/share/texlive/texmf-dist/tex/latex/letltxmacro/letltxmacro.sty
Package: letltxmacro 2019/12/03 v1.6 Let assignment for LaTeX macros (HO)
)
(/usr/share/texlive/texmf-dist/tex/latex/auxhook/auxhook.sty
Package: auxhook 2019-12-17 v1.6 Hooks for auxiliary files (HO)
)
(/usr/share/texlive/texmf-dist/tex/latex/kvoptions/kvoptions.sty
Package: kvoptions 2019/11/29 v3.13 Key value format for package options (HO)
)
\@linkdim=\dimen135
\Hy@linkcounter=\count177
\Hy@pagecounter=\count178

(/usr/share/texlive/texmf-dist/tex/latex/hyperref/pd1enc.def
File: pd1enc.def 2020/01/14 v7.00d Hyperref: PDFDocEncoding definition (HO)
)
(/usr/share/texlive/texmf-dist/tex/generic/intcalc/intcalc.sty
Package: intcalc 2019/12/15 v1.3 Expandable calculations with integers (HO)
)
(/usr/share/texlive/texmf-dist/tex/generic/etexcmds/etexcmds.sty
Package: etexcmds 2019/12/15 v1.7 Avoid name clashes with e-TeX commands (HO)
)
\Hy@SavedSpaceFactor=\count179
\pdfmajorversion=\count180
Package hyperref Info: Option `pdfa' set `true' on input line 4421.
Package hyperref Info: Hyper figures OFF on input line 4547.
Package hyperref Info: Link nesting OFF on input line 4552.
Package hyperref Info: Hyper index ON on input line 4555.
Package hyperref Info: Plain pages OFF on input line 4562.
Package hyperref Info: Backreferencing OFF on input line 4567.
Package hyperref Info: Implicit mode ON; LaTeX internals redefined.
Package hyperref Info: Bookmarks ON on input line 4800.
\c@Hy@tempcnt=\count181

(/usr/share/texlive/texmf-dist/tex/latex/url/url.sty
\Urlmuskip=\muskip16
Package: url 2013/09/16  ver 3.4  Verb mode for urls, etc.
)
LaTeX Info: Redefining \url on input line 5159.
\XeTeXLinkMargin=\dimen136

(/usr/share/texlive/texmf-dist/tex/generic/bitset/bitset.sty
Package: bitset 2019/12/09 v1.3 Handle bit-vector datatype (HO)

(/usr/share/texlive/texmf-dist/tex/generic/bigintcalc/bigintcalc.sty
Package: bigintcalc 2019/12/15 v1.5 Expandable calculations on big integers (HO
)
))
\Fld@menulength=\count182
\Field@Width=\dimen137
\Fld@charsize=\dimen138
Package hyperref Info: Hyper figures OFF on input line 6430.
Package hyperref Info: Link nesting OFF on input line 6435.
Package hyperref Info: Hyper index ON on input line 6438.
Package hyperref Info: backreferencing OFF on input line 6445.
Package hyperref Info: Link coloring OFF on input line 6450.
Package hyperref Info: Link coloring with OCG OFF on input line 6455.
Package hyperref Info: PDF/A mode ON on input line 6458.
LaTeX Info: Redefining \ref on input line 6500.
LaTeX Info: Redefining \pageref on input line 6504.

(/usr/share/texlive/texmf-dist/tex/generic/atbegshi/atbegshi.sty
Package: atbegshi 2019/12/05 v1.19 At begin shipout hook (HO)
)
\Hy@abspage=\count183
\c@Item=\count184
\c@Hfootnote=\count185
)
Package hyperref Info: Driver: hpdftex.

(/usr/share/texlive/texmf-dist/tex/latex/hyperref/hpdftex.def
File: hpdftex.def 2020/01/14 v7.00d Hyperref driver for pdfTeX

(/usr/share/texlive/texmf-dist/tex/latex/atveryend/atveryend.sty
Package: atveryend 2019-12-11 v1.11 Hooks at the very end of document (HO)
Package atveryend Info: \enddocument detected (standard20110627).
)
\Fld@listcount=\count186
\c@bookmark@seq@number=\count187

(/usr/share/texlive/texmf-dist/tex/latex/rerunfilecheck/rerunfilecheck.sty
Package: rerunfilecheck 2019/12/05 v1.9 Rerun checks for auxiliary files (HO)

(/usr/share/texlive/texmf-dist/tex/generic/uniquecounter/uniquecounter.sty
Package: uniquecounter 2019/12/15 v1.4 Provide unlimited unique counter (HO)
)
Package uniquecounter Info: New unique counter `rerunfilecheck' on input line 2
86.
)
\Hy@SectionHShift=\skip49
)
Package hyperref Info: Option `unicode' set `true' on input line 1463.

(/usr/share/texlive/texmf-dist/tex/latex/hyperref/puenc.def
File: puenc.def 2020/01/14 v7.00d Hyperref: PDF Unicode definition (HO)
)
(/usr/share/texlive/texmf-dist/tex/generic/stringenc/stringenc.sty
Package: stringenc 2019/11/29 v1.12 Convert strings between diff. encodings (HO
)
)
Package hyperref Info: Option `psdextra' set `true' on input line 1465.

(/usr/share/texlive/texmf-dist/tex/latex/hyperref/psdextra.def
File: psdextra.def 2020/01/14 v7.00d Hyperref: Additions to PDF string support
)
(/usr/share/texlive/texmf-dist/tex/generic/colorprofiles/colorprofiles.sty
Package: colorprofiles 2018/11/01 v1.0.1 color profiles for PDF/X and PDF/A sup
port

(/usr/share/texlive/texmf-dist/tex/generic/colorprofiles/colorprofiles.tex))
(/usr/share/texlive/texmf-dist/tex/generic/stringenc/se-pdfdoc.def
File: se-pdfdoc.def 2019/11/29 v1.12 stringenc: PDFDocEncoding
)
(/usr/share/texlive/texmf-dist/tex/latex/pdfx/AdobeColorProfiles.tex)
(/usr/share/texlive/texmf-dist/tex/latex/pdfx/8bit.def
File: 8bit.def 2008/03/30 v1.1d Input encoding file
)
** pdfx: Metadata file tesi.xmpdata read successfully.
(./tesi.xmpdata)<<sRGB.icc>>
(/usr/share/texlive/texmf-dist/tex/latex/pdfx/8bit.def
File: 8bit.def 2008/03/30 v1.1d Input encoding file
)
(/usr/share/texlive/texmf-dist/tex/latex/pdfx/8bit.def
File: 8bit.def 2008/03/30 v1.1d Input encoding file
)
(/usr/share/texlive/texmf-dist/tex/generic/stringenc/se-utf8.def
File: se-utf8.def 2019/11/29 v1.12 stringenc: UTF-8
)
(/usr/share/texlive/texmf-dist/tex/latex/pdfx/8bit.def
File: 8bit.def 2008/03/30 v1.1d Input encoding file
)
Package hyperref Info: Option `unicode' set `true' on input line 2411.
Package hyperref Info: Option `unicode' set `true' on input line 2412.

(/usr/share/texlive/texmf-dist/tex/latex/pdfx/8bit.def
File: 8bit.def 2008/03/30 v1.1d Input encoding file
)
(/usr/share/texlive/texmf-dist/tex/generic/pdftex/glyphtounicode.tex)
(/usr/share/texlive/texmf-dist/tex/latex/pdfx/glyphtounicode-cmr.tex)
(/usr/share/texlive/texmf-dist/tex/latex/pdfx/glyphtounicode-ntx.tex)
(/usr/share/texlive/texmf-dist/tex/latex/base/ifthen.sty
Package: ifthen 2014/09/29 v1.1c Standard LaTeX ifthen package (DPC)
)
(/usr/share/texlive/texmf-dist/tex/latex/xmpincl/xmpincl.sty
Package: xmpincl 2008/05/10 v2.2 Include XMP data in pdflatex
)
(/usr/share/texlive/texmf-dist/tex/latex/pdfx/8bit.def
File: 8bit.def 2008/03/30 v1.1d Input encoding file
)
Using XMP template file: pdfa.xmp
\xmpinclWrite=\write3
\xmpinclRead=\read2
\openout3 = `pdfa.xmpi'.

<<pdfa.xmpi>>) (/usr/share/texlive/texmf-dist/tex/latex/geometry/geometry.sty
Package: geometry 2020/01/02 v5.9 Page Geometry

(/usr/share/texlive/texmf-dist/tex/generic/iftex/ifvtex.sty
Package: ifvtex 2019/10/25 v1.7 ifvtex legacy package. Use iftex instead.
)
\Gm@cnth=\count188
\Gm@cntv=\count189
\c@Gm@tempcnt=\count190
\Gm@bindingoffset=\dimen139
\Gm@wd@mp=\dimen140
\Gm@odd@mp=\dimen141
\Gm@even@mp=\dimen142
\Gm@layoutwidth=\dimen143
\Gm@layoutheight=\dimen144
\Gm@layouthoffset=\dimen145
\Gm@layoutvoffset=\dimen146
\Gm@dimlist=\toks19
)
(/usr/share/texlive/texmf-dist/tex/latex/graphics/graphicx.sty
Package: graphicx 2019/11/30 v1.2a Enhanced LaTeX Graphics (DPC,SPQR)

(/usr/share/texlive/texmf-dist/tex/latex/graphics/graphics.sty
Package: graphics 2019/11/30 v1.4a Standard LaTeX Graphics (DPC,SPQR)

(/usr/share/texlive/texmf-dist/tex/latex/graphics/trig.sty
Package: trig 2016/01/03 v1.10 sin cos tan (DPC)
)
(/usr/share/texlive/texmf-dist/tex/latex/graphics-cfg/graphics.cfg
File: graphics.cfg 2016/06/04 v1.11 sample graphics configuration
)
Package graphics Info: Driver file: pdftex.def on input line 105.
)
\Gin@req@height=\dimen147
\Gin@req@width=\dimen148
)
(/usr/share/texlive/texmf-dist/tex/latex/subfig/subfig.sty
Package: subfig 2005/06/28 ver: 1.3 subfig package

(/usr/share/texlive/texmf-dist/tex/latex/caption/caption.sty
Package: caption 2020/01/03 v3.4h Customizing captions (AR)

(/usr/share/texlive/texmf-dist/tex/latex/caption/caption3.sty
Package: caption3 2020/01/03 v1.8h caption3 kernel (AR)
Package caption3 Info: TeX engine: e-TeX on input line 61.
\captionmargin=\dimen149
\captionmargin@=\dimen150
\captionwidth=\dimen151
\caption@tempdima=\dimen152
\caption@indent=\dimen153
\caption@parindent=\dimen154
\caption@hangindent=\dimen155
Package caption Info: Standard document class detected.
)
\c@caption@flags=\count191
\c@continuedfloat=\count192
Package caption Info: hyperref package is loaded.
)
\c@KVtest=\count193
\sf@farskip=\skip50
\sf@captopadj=\dimen156
\sf@capskip=\skip51
\sf@nearskip=\skip52
\c@subfigure=\count194
\c@subfigure@save=\count195
\c@lofdepth=\count196
\c@subtable=\count197
\c@subtable@save=\count198
\c@lotdepth=\count199
\sf@top=\skip53
\sf@bottom=\skip54
)
(/usr/share/texlive/texmf-dist/tex/latex/enumitem/enumitem.sty
Package: enumitem 2019/06/20 v3.9 Customized lists
\labelindent=\skip55
\enit@outerparindent=\dimen157
\enit@toks=\toks20
\enit@inbox=\box45
\enit@count@id=\count266
\enitdp@description=\count267
)
(/usr/share/texlive/texmf-dist/tex/latex/amsmath/amsmath.sty
Package: amsmath 2020/01/20 v2.17e AMS math features
\@mathmargin=\skip56

For additional information on amsmath, use the `?' option.
(/usr/share/texlive/texmf-dist/tex/latex/amsmath/amstext.sty
Package: amstext 2000/06/29 v2.01 AMS text

(/usr/share/texlive/texmf-dist/tex/latex/amsmath/amsgen.sty
File: amsgen.sty 1999/11/30 v2.0 generic functions
\@emptytoks=\toks21
\ex@=\dimen158
))
(/usr/share/texlive/texmf-dist/tex/latex/amsmath/amsbsy.sty
Package: amsbsy 1999/11/29 v1.2d Bold Symbols
\pmbraise@=\dimen159
)
(/usr/share/texlive/texmf-dist/tex/latex/amsmath/amsopn.sty
Package: amsopn 2016/03/08 v2.02 operator names
)
\inf@bad=\count268
LaTeX Info: Redefining \frac on input line 227.
\uproot@=\count269
\leftroot@=\count270
LaTeX Info: Redefining \overline on input line 389.
\classnum@=\count271
\DOTSCASE@=\count272
LaTeX Info: Redefining \ldots on input line 486.
LaTeX Info: Redefining \dots on input line 489.
LaTeX Info: Redefining \cdots on input line 610.
\Mathstrutbox@=\box46
\strutbox@=\box47
\big@size=\dimen160
LaTeX Font Info:    Redeclaring font encoding OML on input line 733.
LaTeX Font Info:    Redeclaring font encoding OMS on input line 734.
\macc@depth=\count273
\c@MaxMatrixCols=\count274
\dotsspace@=\muskip17
\c@parentequation=\count275
\dspbrk@lvl=\count276
\tag@help=\toks22
\row@=\count277
\column@=\count278
\maxfields@=\count279
\andhelp@=\toks23
\eqnshift@=\dimen161
\alignsep@=\dimen162
\tagshift@=\dimen163
\tagwidth@=\dimen164
\totwidth@=\dimen165
\lineht@=\dimen166
\@envbody=\toks24
\multlinegap=\skip57
\multlinetaggap=\skip58
\mathdisplay@stack=\toks25
LaTeX Info: Redefining \[ on input line 2859.
LaTeX Info: Redefining \] on input line 2860.
)
(/usr/share/texlive/texmf-dist/tex/latex/float/float.sty
Package: float 2001/11/08 v1.3d Float enhancements (AL)
\c@float@type=\count280
\float@exts=\toks26
\float@box=\box48
\@float@everytoks=\toks27
\@floatcapt=\box49
)
(/usr/share/texlive/texmf-dist/tex/latex/amsfonts/amssymb.sty
Package: amssymb 2013/01/14 v3.01 AMS font symbols

(/usr/share/texlive/texmf-dist/tex/latex/amsfonts/amsfonts.sty
Package: amsfonts 2013/01/14 v3.01 Basic AMSFonts support
\symAMSa=\mathgroup4
\symAMSb=\mathgroup5
LaTeX Font Info:    Redeclaring math symbol \hbar on input line 98.
LaTeX Font Info:    Overwriting math alphabet `\mathfrak' in version `bold'
(Font)                  U/euf/m/n --> U/euf/b/n on input line 106.
))
(/usr/share/texlive/texmf-dist/tex/latex/amscls/amsthm.sty
Package: amsthm 2017/10/31 v2.20.4
\thm@style=\toks28
\thm@bodyfont=\toks29
\thm@headfont=\toks30
\thm@notefont=\toks31
\thm@headpunct=\toks32
\thm@preskip=\skip59
\thm@postskip=\skip60
\thm@headsep=\skip61
\dth@everypar=\toks33
)
(/usr/share/texlive/texmf-dist/tex/latex/mathtools/mathtools.sty
Package: mathtools 2020/01/17 v1.23 mathematical typesetting tools

(/usr/share/texlive/texmf-dist/tex/latex/tools/calc.sty
Package: calc 2017/05/25 v4.3 Infix arithmetic (KKT,FJ)
\calc@Acount=\count281
\calc@Bcount=\count282
\calc@Adimen=\dimen167
\calc@Bdimen=\dimen168
\calc@Askip=\skip62
\calc@Bskip=\skip63
LaTeX Info: Redefining \setlength on input line 80.
LaTeX Info: Redefining \addtolength on input line 81.
\calc@Ccount=\count283
\calc@Cskip=\skip64
)
(/usr/share/texlive/texmf-dist/tex/latex/mathtools/mhsetup.sty
Package: mhsetup 2017/03/31 v1.3 programming setup (MH)
)
LaTeX Info: Thecontrolsequence`\('isalreadyrobust on input line 129.
LaTeX Info: Thecontrolsequence`\)'isalreadyrobust on input line 129.
LaTeX Info: Thecontrolsequence`\['isalreadyrobust on input line 129.
LaTeX Info: Thecontrolsequence`\]'isalreadyrobust on input line 129.
\g_MT_multlinerow_int=\count284
\l_MT_multwidth_dim=\dimen169
\origjot=\skip65
\l_MT_shortvdotswithinadjustabove_dim=\dimen170
\l_MT_shortvdotswithinadjustbelow_dim=\dimen171
\l_MT_above_intertext_sep=\dimen172
\l_MT_below_intertext_sep=\dimen173
\l_MT_above_shortintertext_sep=\dimen174
\l_MT_below_shortintertext_sep=\dimen175
)
(/usr/share/texlive/texmf-dist/tex/latex/setspace/setspace.sty
Package: setspace 2011/12/19 v6.7a set line spacing
)
(/usr/share/texlive/texmf-dist/tex/latex/fancyhdr/fancyhdr.sty
Package: fancyhdr 2019/01/31 v3.10 Extensive control of page headers and footer
s
\f@nch@headwidth=\skip66
\f@nch@O@elh=\skip67
\f@nch@O@erh=\skip68
\f@nch@O@olh=\skip69
\f@nch@O@orh=\skip70
\f@nch@O@elf=\skip71
\f@nch@O@erf=\skip72
\f@nch@O@olf=\skip73
\f@nch@O@orf=\skip74
)
(/usr/share/texlive/texmf-dist/tex/latex/braket/braket.sty)
(/usr/share/texlive/texmf-dist/tex/latex/etoolbox/etoolbox.sty
Package: etoolbox 2019/09/21 v2.5h e-TeX tools for LaTeX (JAW)
\etb@tempcnta=\count285
)
(/usr/share/texlive/texmf-dist/tex/latex/booktabs/booktabs.sty
Package: booktabs 2020/01/12 v1.61803398 Publication quality tables
\heavyrulewidth=\dimen176
\lightrulewidth=\dimen177
\cmidrulewidth=\dimen178
\belowrulesep=\dimen179
\belowbottomsep=\dimen180
\aboverulesep=\dimen181
\abovetopsep=\dimen182
\cmidrulesep=\dimen183
\cmidrulekern=\dimen184
\defaultaddspace=\dimen185
\@cmidla=\count286
\@cmidlb=\count287
\@aboverulesep=\dimen186
\@belowrulesep=\dimen187
\@thisruleclass=\count288
\@lastruleclass=\count289
\@thisrulewidth=\dimen188
)
(/usr/share/texlive/texmf-dist/tex/latex/multirow/multirow.sty
Package: multirow 2019/05/31 v2.5 Span multiple rows of a table
\multirow@colwidth=\skip75
\multirow@cntb=\count290
\multirow@dima=\skip76
\bigstrutjot=\dimen189
)
(/usr/share/texlive/texmf-dist/tex/latex/l3packages/xfrac/xfrac.sty
(/usr/share/texlive/texmf-dist/tex/latex/l3kernel/expl3.sty
Package: expl3 2020-02-14 L3 programming layer (loader) 

(/usr/share/texlive/texmf-dist/tex/latex/l3backend/l3backend-pdfmode.def
File: l3backend-pdfmode.def 2020-02-03 L3 backend support: PDF mode
\l__kernel_color_stack_int=\count291
\l__pdf_internal_box=\box50
))
(/usr/share/texlive/texmf-dist/tex/latex/l3packages/l3keys2e/l3keys2e.sty
Package: l3keys2e 2020-02-14 LaTeX2e option processing using LaTeX3 keys
)
(/usr/share/texlive/texmf-dist/tex/latex/base/textcomp.sty
Package: textcomp 2020/02/02 v2.0n Standard LaTeX package
)
(/usr/share/texlive/texmf-dist/tex/latex/l3packages/xparse/xparse.sty
Package: xparse 2020-02-14 L3 Experimental document command parser
\l__xparse_current_arg_int=\count292
\g__xparse_grabber_int=\count293
\l__xparse_m_args_int=\count294
\l__xparse_v_nesting_int=\count295
)
(/usr/share/texlive/texmf-dist/tex/latex/l3packages/xtemplate/xtemplate.sty
Package: xtemplate 2020-02-14 L3 Experimental prototype document functions
\l__xtemplate_tmp_dim=\dimen190
\l__xtemplate_tmp_int=\count296
\l__xtemplate_tmp_muskip=\muskip18
\l__xtemplate_tmp_skip=\skip77
)
Package: xfrac 2020-02-14 L3 Experimental split-level fractions
\l__xfrac_slash_box=\box51
\l__xfrac_tmp_box=\box52
\l__xfrac_denominator_bot_sep_dim=\dimen191
\l__xfrac_numerator_bot_sep_dim=\dimen192
\l__xfrac_numerator_top_sep_dim=\dimen193
\l__xfrac_slash_left_sep_dim=\dimen194
\l__xfrac_slash_right_sep_dim=\dimen195
\l__xfrac_slash_left_muskip=\muskip19
\l__xfrac_slash_right_muskip=\muskip20

Package xtemplate Info: Declaring object type 'xfrac' taking 3 argument(s) on
(xtemplate)             line 80.

)
(/usr/share/texmf/tex/latex/lm/lmodern.sty
Package: lmodern 2009/10/30 v1.6 Latin Modern Fonts
LaTeX Font Info:    Overwriting symbol font `operators' in version `normal'
(Font)                  OT1/cmr/m/n --> OT1/lmr/m/n on input line 22.
LaTeX Font Info:    Overwriting symbol font `letters' in version `normal'
(Font)                  OML/cmm/m/it --> OML/lmm/m/it on input line 23.
LaTeX Font Info:    Overwriting symbol font `symbols' in version `normal'
(Font)                  OMS/cmsy/m/n --> OMS/lmsy/m/n on input line 24.
LaTeX Font Info:    Overwriting symbol font `largesymbols' in version `normal'
(Font)                  OMX/cmex/m/n --> OMX/lmex/m/n on input line 25.
LaTeX Font Info:    Overwriting symbol font `operators' in version `bold'
(Font)                  OT1/cmr/bx/n --> OT1/lmr/bx/n on input line 26.
LaTeX Font Info:    Overwriting symbol font `letters' in version `bold'
(Font)                  OML/cmm/b/it --> OML/lmm/b/it on input line 27.
LaTeX Font Info:    Overwriting symbol font `symbols' in version `bold'
(Font)                  OMS/cmsy/b/n --> OMS/lmsy/b/n on input line 28.
LaTeX Font Info:    Overwriting symbol font `largesymbols' in version `bold'
(Font)                  OMX/cmex/m/n --> OMX/lmex/m/n on input line 29.
LaTeX Font Info:    Overwriting math alphabet `\mathbf' in version `normal'
(Font)                  OT1/cmr/bx/n --> OT1/lmr/bx/n on input line 31.
LaTeX Font Info:    Overwriting math alphabet `\mathsf' in version `normal'
(Font)                  OT1/cmss/m/n --> OT1/lmss/m/n on input line 32.
LaTeX Font Info:    Overwriting math alphabet `\mathit' in version `normal'
(Font)                  OT1/cmr/m/it --> OT1/lmr/m/it on input line 33.
LaTeX Font Info:    Overwriting math alphabet `\mathtt' in version `normal'
(Font)                  OT1/cmtt/m/n --> OT1/lmtt/m/n on input line 34.
LaTeX Font Info:    Overwriting math alphabet `\mathbf' in version `bold'
(Font)                  OT1/cmr/bx/n --> OT1/lmr/bx/n on input line 35.
LaTeX Font Info:    Overwriting math alphabet `\mathsf' in version `bold'
(Font)                  OT1/cmss/bx/n --> OT1/lmss/bx/n on input line 36.
LaTeX Font Info:    Overwriting math alphabet `\mathit' in version `bold'
(Font)                  OT1/cmr/bx/it --> OT1/lmr/bx/it on input line 37.
LaTeX Font Info:    Overwriting math alphabet `\mathtt' in version `bold'
(Font)                  OT1/cmtt/m/n --> OT1/lmtt/m/n on input line 38.
)
(/usr/share/texlive/texmf-dist/tex/latex/ifsym/ifsym.sty
Package: ifsym 2000/04/18 I.Kloeckl
\c@ifsymcnt=\count297
)
(/usr/share/texlive/texmf-dist/tex/latex/tools/bm.sty
Package: bm 2019/07/24 v1.2d Bold Symbol Support (DPC/FMi)
\symboldoperators=\mathgroup6
\symboldletters=\mathgroup7
\symboldsymbols=\mathgroup8
LaTeX Font Info:    Redeclaring math alphabet \mathbf on input line 141.
LaTeX Info: Redefining \bm on input line 209.
)
(/usr/share/texlive/texmf-dist/tex/latex/tools/multicol.sty
Package: multicol 2019/12/09 v1.8y multicolumn formatting (FMi)
\c@tracingmulticols=\count298
\mult@box=\box53
\multicol@leftmargin=\dimen196
\c@unbalance=\count299
\c@collectmore=\count300
\doublecol@number=\count301
\multicoltolerance=\count302
\multicolpretolerance=\count303
\full@width=\dimen197
\page@free=\dimen198
\premulticols=\dimen199
\postmulticols=\dimen256
\multicolsep=\skip78
\multicolbaselineskip=\skip79
\partial@page=\box54
\last@line=\box55
\maxbalancingoverflow=\dimen257
\mult@rightbox=\box56
\mult@grightbox=\box57
\mult@gfirstbox=\box58
\mult@firstbox=\box59
\@tempa=\box60
\@tempa=\box61
\@tempa=\box62
\@tempa=\box63
\@tempa=\box64
\@tempa=\box65
\@tempa=\box66
\@tempa=\box67
\@tempa=\box68
\@tempa=\box69
\@tempa=\box70
\@tempa=\box71
\@tempa=\box72
\@tempa=\box73
\@tempa=\box74
\@tempa=\box75
\@tempa=\box76
\@tempa=\box77
\@tempa=\box78
\@tempa=\box79
\@tempa=\box80
\@tempa=\box81
\@tempa=\box82
\@tempa=\box83
\@tempa=\box84
\@tempa=\box85
\@tempa=\box86
\@tempa=\box87
\@tempa=\box88
\@tempa=\box89
\@tempa=\box90
\@tempa=\box91
\@tempa=\box92
\@tempa=\box93
\@tempa=\box94
\@tempa=\box95
\@tempa=\box96
\c@minrows=\count304
\c@columnbadness=\count305
\c@finalcolumnbadness=\count306
\last@try=\dimen258
\multicolovershoot=\dimen259
\multicolundershoot=\dimen260
\mult@nat@firstbox=\box97
\colbreak@box=\box98
\mc@col@check@num=\count307
)
(/usr/share/texlive/texmf-dist/tex/latex/pdflscape/pdflscape.sty
Package: pdflscape 2019/12/05 v0.12 Display of landscape pages in PDF (HO)

(/usr/share/texlive/texmf-dist/tex/latex/graphics/lscape.sty
Package: lscape 2000/10/22 v3.01 Landscape Pages (DPC)
)
Package pdflscape Info: Auto-detected driver: pdftex on input line 81.
)
(/usr/share/texlive/texmf-dist/tex/latex/base/fontenc.sty
Package: fontenc 2020/02/11 v2.0o Standard LaTeX package
LaTeX Font Info:    Trying to load font information for T1+lmr on input line 11
2.

(/usr/share/texmf/tex/latex/lm/t1lmr.fd
File: t1lmr.fd 2009/10/30 v1.6 Font defs for Latin Modern
)) (./tesi.aux)
\openout1 = `tesi.aux'.

LaTeX Font Info:    Checking defaults for OML/cmm/m/it on input line 16.
LaTeX Font Info:    ... okay on input line 16.
LaTeX Font Info:    Checking defaults for OMS/cmsy/m/n on input line 16.
LaTeX Font Info:    ... okay on input line 16.
LaTeX Font Info:    Checking defaults for OT1/cmr/m/n on input line 16.
LaTeX Font Info:    ... okay on input line 16.
LaTeX Font Info:    Checking defaults for T1/cmr/m/n on input line 16.
LaTeX Font Info:    ... okay on input line 16.
LaTeX Font Info:    Checking defaults for TS1/cmr/m/n on input line 16.
LaTeX Font Info:    ... okay on input line 16.
LaTeX Font Info:    Checking defaults for OMX/cmex/m/n on input line 16.
LaTeX Font Info:    ... okay on input line 16.
LaTeX Font Info:    Checking defaults for U/cmr/m/n on input line 16.
LaTeX Font Info:    ... okay on input line 16.
LaTeX Font Info:    Checking defaults for PD1/pdf/m/n on input line 16.
LaTeX Font Info:    ... okay on input line 16.
LaTeX Font Info:    Checking defaults for PU/pdf/m/n on input line 16.
LaTeX Font Info:    ... okay on input line 16.

ABD: EveryShipout initializing macros
(/usr/share/texlive/texmf-dist/tex/context/base/mkii/supp-pdf.mkii
[Loading MPS to PDF converter (version 2006.09.02).]
\scratchcounter=\count308
\scratchdimen=\dimen261
\scratchbox=\box99
\nofMPsegments=\count309
\nofMParguments=\count310
\everyMPshowfont=\toks34
\MPscratchCnt=\count311
\MPscratchDim=\dimen262
\MPnumerator=\count312
\makeMPintoPDFobject=\count313
\everyMPtoPDFconversion=\toks35
) (/usr/share/texlive/texmf-dist/tex/latex/epstopdf-pkg/epstopdf-base.sty
Package: epstopdf-base 2020-01-24 v2.11 Base part for package epstopdf

(/usr/share/texlive/texmf-dist/tex/latex/grfext/grfext.sty
Package: grfext 2019/12/03 v1.3 Manage graphics extensions (HO)
)
Package epstopdf-base Info: Redefining graphics rule for `.eps' on input line 4
85.
Package grfext Info: Graphics extension search list:
(grfext)             [.pdf,.png,.jpg,.mps,.jpeg,.jbig2,.jb2,.PDF,.PNG,.JPG,.JPE
G,.JBIG2,.JB2,.eps]
(grfext)             \AppendGraphicsExtensions on input line 504.

(/usr/share/texlive/texmf-dist/tex/latex/latexconfig/epstopdf-sys.cfg
File: epstopdf-sys.cfg 2010/07/13 v1.3 Configuration of (r)epstopdf for TeX Liv
e
))
\AtBeginShipoutBox=\box100
Package hyperref Info: Link coloring OFF on input line 16.

(/usr/share/texlive/texmf-dist/tex/latex/hyperref/nameref.sty
Package: nameref 2019/09/16 v2.46 Cross-referencing by name of section

(/usr/share/texlive/texmf-dist/tex/latex/refcount/refcount.sty
Package: refcount 2019/12/15 v3.6 Data extraction from label references (HO)
)
(/usr/share/texlive/texmf-dist/tex/generic/gettitlestring/gettitlestring.sty
Package: gettitlestring 2019/12/15 v1.6 Cleanup title references (HO)
)
\c@section@level=\count314
)
LaTeX Info: Redefining \ref on input line 16.
LaTeX Info: Redefining \pageref on input line 16.
LaTeX Info: Redefining \nameref on input line 16.

(./tesi.out) (./tesi.out)
\@outlinefile=\write4
\openout4 = `tesi.out'.


*geometry* driver: auto-detecting
*geometry* detected driver: pdftex
*geometry* verbose mode - [ preamble ] result:
* driver: pdftex
* paper: a4paper
* layout: <same size as paper>
* layoutoffset:(h,v)=(0.0pt,0.0pt)
* modes: 
* h-part:(L,W,R)=(89.62709pt, 418.25368pt, 89.6271pt)
* v-part:(T,H,B)=(101.40665pt, 591.5302pt, 152.11pt)
* \paperwidth=597.50787pt
* \paperheight=845.04684pt
* \textwidth=418.25368pt
* \textheight=591.5302pt
* \oddsidemargin=17.3571pt
* \evensidemargin=17.3571pt
* \topmargin=-2.73714pt
* \headheight=12.0pt
* \headsep=19.8738pt
* \topskip=11.0pt
* \footskip=27.46295pt
* \marginparwidth=53.0pt
* \marginparsep=7.0pt
* \columnsep=10.0pt
* \skip\footins=10.0pt plus 4.0pt minus 2.0pt
* \hoffset=0.0pt
* \voffset=0.0pt
* \mag=1000
* \@twocolumnfalse
* \@twosidefalse
* \@mparswitchfalse
* \@reversemarginfalse
* (1in=72.27pt=25.4mm, 1cm=28.453pt)

Package caption Info: Begin \AtBeginDocument code.
Package caption Info: subfig package v1.3 is loaded.
Package caption Info: float package is loaded.
Package caption Info: End \AtBeginDocument code.
<tesi_images/logo.jpg, id=194, 398.4486pt x 156.585pt>
File: tesi_images/logo.jpg Graphic file (type jpg)
<use tesi_images/logo.jpg>
Package pdftex.def Info: tesi_images/logo.jpg  used on input line 20.
(pdftex.def)             Requested size: 418.25368pt x 164.3713pt.
LaTeX Font Info:    Trying to load font information for OT1+lmr on input line 4
3.
(/usr/share/texmf/tex/latex/lm/ot1lmr.fd
File: ot1lmr.fd 2009/10/30 v1.6 Font defs for Latin Modern
)
LaTeX Font Info:    Trying to load font information for OML+lmm on input line 4
3.

(/usr/share/texmf/tex/latex/lm/omllmm.fd
File: omllmm.fd 2009/10/30 v1.6 Font defs for Latin Modern
)
LaTeX Font Info:    Trying to load font information for OMS+lmsy on input line 
43.

(/usr/share/texmf/tex/latex/lm/omslmsy.fd
File: omslmsy.fd 2009/10/30 v1.6 Font defs for Latin Modern
)
LaTeX Font Info:    Trying to load font information for OMX+lmex on input line 
43.

(/usr/share/texmf/tex/latex/lm/omxlmex.fd
File: omxlmex.fd 2009/10/30 v1.6 Font defs for Latin Modern
)
LaTeX Font Info:    External font `lmex10' loaded for size
(Font)              <10.95> on input line 43.
LaTeX Font Info:    External font `lmex10' loaded for size
(Font)              <8> on input line 43.
LaTeX Font Info:    External font `lmex10' loaded for size
(Font)              <6> on input line 43.
LaTeX Font Info:    Trying to load font information for U+msa on input line 43.


(/usr/share/texlive/texmf-dist/tex/latex/amsfonts/umsa.fd
File: umsa.fd 2013/01/14 v3.01 AMS symbols A
)
LaTeX Font Info:    Trying to load font information for U+msb on input line 43.


(/usr/share/texlive/texmf-dist/tex/latex/amsfonts/umsb.fd
File: umsb.fd 2013/01/14 v3.01 AMS symbols B
) [1


 <./tesi_images/logo.jpg>]pdfTeX warning (ext4): destination with the same iden
tifier (name{page.1}) has been already used, duplicate ignored
<to be read again> 
                   \relax 
l.59 \clearpage\null\thispagestyle{empty}\newpage
                                                  [1

] (./tesi.toc [2

])
\tf@toc=\write5
\openout5 = `tesi.toc'.

 [3]
[4

] [5]
Chapter 1.
<tesi_images/LHC_structure.jpg, id=284, 180.35522pt x 170.1223pt>
File: tesi_images/LHC_structure.jpg Graphic file (type jpg)
<use tesi_images/LHC_structure.jpg>
Package pdftex.def Info: tesi_images/LHC_structure.jpg  used on input line 83.
(pdftex.def)             Requested size: 177.46086pt x 167.40141pt.
[6

 <./tesi_images/LHC_structure.jpg>]
LaTeX Font Info:    Trying to load font information for TS1+lmr on input line 9
9.
 (/usr/share/texmf/tex/latex/lm/ts1lmr.fd
File: ts1lmr.fd 2009/10/30 v1.6 Font defs for Latin Modern
)
<tesi_images/m_dipole.jpeg, id=298, 690.9012pt x 540.5796pt>
File: tesi_images/m_dipole.jpeg Graphic file (type jpg)
<use tesi_images/m_dipole.jpeg>
Package pdftex.def Info: tesi_images/m_dipole.jpeg  used on input line 104.
(pdftex.def)             Requested size: 238.40765pt x 186.53316pt.
<tesi_images/m_quad.png, id=299, 469.755pt x 432.61626pt>
File: tesi_images/m_quad.png Graphic file (type png)
<use tesi_images/m_quad.png>
Package pdftex.def Info: tesi_images/m_quad.png  used on input line 105.
(pdftex.def)             Requested size: 167.2989pt x 154.07162pt.
<tesi_images/CERN.png, id=301, 760.8425pt x 614.295pt>
File: tesi_images/CERN.png Graphic file (type png)
<use tesi_images/CERN.png>
Package pdftex.def Info: tesi_images/CERN.png  used on input line 114.
(pdftex.def)             Requested size: 266.18678pt x 214.9221pt.
[7 <./tesi_images/m_dipole.jpeg> <./tesi_images/m_quad.png (PNG copy)>]
[8 <./tesi_images/CERN.png>]
<tesi_images/insta_lum_2018.pdf, id=321, 569.12625pt x 408.52625pt>
File: tesi_images/insta_lum_2018.pdf Graphic file (type pdf)
<use tesi_images/insta_lum_2018.pdf>
Package pdftex.def Info: tesi_images/insta_lum_2018.pdf  used on input line 131
.
(pdftex.def)             Requested size: 295.76509pt x 212.3102pt.
<tesi_images/luminosity.pdf, id=324, 569.12625pt x 408.52625pt>
File: tesi_images/luminosity.pdf Graphic file (type pdf)
<use tesi_images/luminosity.pdf>
Package pdftex.def Info: tesi_images/luminosity.pdf  used on input line 144.
(pdftex.def)             Requested size: 295.76509pt x 212.3102pt.
 [9 <./tesi_images/insta_lum_2018.pdf, page is rotated 90 degrees>]
<tesi_images/atlas_structure.jpg, id=377, 810.52812pt x 520.94624pt>
File: tesi_images/atlas_structure.jpg Graphic file (type jpg)
<use tesi_images/atlas_structure.jpg>
Package pdftex.def Info: tesi_images/atlas_structure.jpg  used on input line 17
5.
(pdftex.def)             Requested size: 354.92172pt x 228.12009pt.
 [10 <./tesi_images/luminosity.pdf, page is rotated 90 degrees>] [11 <./tesi_im
ages/atlas_structure.jpg>]
<tesi_images/atlas_coord.jpeg, id=431, 504.88625pt x 241.90375pt>
File: tesi_images/atlas_coord.jpeg Graphic file (type jpg)
<use tesi_images/atlas_coord.jpeg>
Package pdftex.def Info: tesi_images/atlas_coord.jpeg  used on input line 191.
(pdftex.def)             Requested size: 177.46086pt x 85.02562pt.
<tesi_images/magnet_system_atlas.png, id=432, 356.33125pt x 142.5325pt>
File: tesi_images/magnet_system_atlas.png Graphic file (type png)
<use tesi_images/magnet_system_atlas.png>
Package pdftex.def Info: tesi_images/magnet_system_atlas.png  used on input lin
e 198.
(pdftex.def)             Requested size: 295.76509pt x 118.31062pt.

Underfull \hbox (badness 10000) in paragraph at lines 195--200

 []

<tesi_images/ID_structure.jpg, id=433, 481.8pt x 390.45876pt>
File: tesi_images/ID_structure.jpg Graphic file (type jpg)
<use tesi_images/ID_structure.jpg>
Package pdftex.def Info: tesi_images/ID_structure.jpg  used on input line 210.
(pdftex.def)             Requested size: 266.18678pt x 215.7241pt.
[12 <./tesi_images/atlas_coord.jpeg> <./tesi_images/magnet_system_atlas.png>]
[13 <./tesi_images/ID_structure.jpg>]
<tesi_images/calorimeters.png, id=451, 853.1875pt x 557.08125pt>
File: tesi_images/calorimeters.png Graphic file (type png)
<use tesi_images/calorimeters.png>
Package pdftex.def Info: tesi_images/calorimeters.png  used on input line 237.
(pdftex.def)             Requested size: 250.95476pt x 163.85303pt.


LaTeX Warning: `!h' float specifier changed to `!ht'.

[14]
<tesi_images/calo_struct.jpg, id=462, 282.04486pt x 260.29991pt>
File: tesi_images/calo_struct.jpg Graphic file (type jpg)
<use tesi_images/calo_struct.jpg>
Package pdftex.def Info: tesi_images/calo_struct.jpg  used on input line 252.
(pdftex.def)             Requested size: 250.95476pt x 231.61455pt.


LaTeX Warning: `!h' float specifier changed to `!ht'.

[15 <./tesi_images/calorimeters.png> <./tesi_images/calo_struct.jpg>] [16]
<tesi_images/muon_spectrometer.png, id=480, 314.17375pt x 334.24875pt>
File: tesi_images/muon_spectrometer.png Graphic file (type png)
<use tesi_images/muon_spectrometer.png>
Package pdftex.def Info: tesi_images/muon_spectrometer.png  used on input line 
297.
(pdftex.def)             Requested size: 125.47737pt x 133.49312pt.
<tesi_images/3D-muon.jpg, id=482, 587.26967pt x 408.11295pt>
File: tesi_images/3D-muon.jpg Graphic file (type jpg)
<use tesi_images/3D-muon.jpg>
Package pdftex.def Info: tesi_images/3D-muon.jpg  used on input line 298.
(pdftex.def)             Requested size: 188.21288pt x 130.79185pt.

[17 <./tesi_images/muon_spectrometer.png> <./tesi_images/3D-muon.jpg>]
<tesi_images/L1.png, id=496, 606.265pt x 409.53pt>
File: tesi_images/L1.png Graphic file (type png)
<use tesi_images/L1.png>
Package pdftex.def Info: tesi_images/L1.png  used on input line 315.
(pdftex.def)             Requested size: 250.95476pt x 169.5206pt.
<tesi_images/HLT.png, id=497, 569.12625pt x 385.44pt>
File: tesi_images/HLT.png Graphic file (type png)
<use tesi_images/HLT.png>
Package pdftex.def Info: tesi_images/HLT.png  used on input line 316.
(pdftex.def)             Requested size: 250.95476pt x 169.95876pt.
<tesi_images/STD_model.png, id=499, 1204.5pt x 1204.5pt>
File: tesi_images/STD_model.png Graphic file (type png)
<use tesi_images/STD_model.png>
Package pdftex.def Info: tesi_images/STD_model.png  used on input line 325.
(pdftex.def)             Requested size: 125.47737pt x 125.47456pt.


LaTeX Warning: `!h' float specifier changed to `!ht'.

[18] [19 <./tesi_images/L1.png> <./tesi_images/HLT.png>] [20 <./tesi_images/STD
_model.png>]
Chapter 2.
<tesi_images/alg_flow.png, id=534, 764.8575pt x 592.2125pt>
File: tesi_images/alg_flow.png Graphic file (type png)
<use tesi_images/alg_flow.png>
Package pdftex.def Info: tesi_images/alg_flow.png  used on input line 347.
(pdftex.def)             Requested size: 376.42575pt x 291.4608pt.
[21

] [22 <./tesi_images/alg_flow.png>] [23] [24]
<tesi_images/super_cluster.png, id=569, 853.1875pt x 546.04pt>
File: tesi_images/super_cluster.png Graphic file (type png)
<use tesi_images/super_cluster.png>
Package pdftex.def Info: tesi_images/super_cluster.png  used on input line 414.

(pdftex.def)             Requested size: 354.92172pt x 227.15228pt.
 [25] [26 <./tesi_images/super_cluster.png>]
<tesi_images/el_ph_analisi.png, id=589, 1027.84pt x 770.88pt>
File: tesi_images/el_ph_analisi.png Graphic file (type png)
<use tesi_images/el_ph_analisi.png>
Package pdftex.def Info: tesi_images/el_ph_analisi.png  used on input line 430.

(pdftex.def)             Requested size: 354.92172pt x 266.18915pt.
 [27 <./tesi_images/el_ph_analisi.png>] [28]
Underfull \hbox (badness 10000) in paragraph at lines 507--507
[]\T1/lmr/m/n/10.95 - Lat-eral shower width
 []


Underfull \hbox (badness 10000) in paragraph at lines 507--507
[]$ \T1/lmr/m/n/10.95 ,where
 []


LaTeX Warning: Float too large for page by 25.29028pt on input line 510.

[29] [30]
Underfull \hbox (badness 2277) in paragraph at lines 555--555
[]\T1/lmr/m/n/10.95 - Shower width cal-cu-lated from
 []


LaTeX Warning: `!h' float specifier changed to `!ht'.

[31] [32] [33]
Chapter 3.
[34

]
<tesi_images/overfitting.png, id=658, 361.35pt x 144.54pt>
File: tesi_images/overfitting.png Graphic file (type png)
<use tesi_images/overfitting.png>
Package pdftex.def Info: tesi_images/overfitting.png  used on input line 689.
(pdftex.def)             Requested size: 292.77629pt x 117.11203pt.


LaTeX Warning: `!h' float specifier changed to `!ht'.

[35] [36 <./tesi_images/overfitting.png>] [37] [38]
<tesi_images/LGBM.png, id=708, 578.91281pt x 201.00093pt>
File: tesi_images/LGBM.png Graphic file (type png)
<use tesi_images/LGBM.png>
Package pdftex.def Info: tesi_images/LGBM.png  used on input line 816.
(pdftex.def)             Requested size: 295.76509pt x 102.69006pt.
 [39] [40 <./tesi_images/LGBM.png>]
Chapter 4.
[41

]
LaTeX Font Info:    Trying to load font information for T1+lmtt on input line 8
43.
 (/usr/share/texmf/tex/latex/lm/t1lmtt.fd
File: t1lmtt.fd 2009/10/30 v1.6 Font defs for Latin Modern
)
LaTeX Font Info:    External font `lmex10' loaded for size
(Font)              <9> on input line 844.
LaTeX Font Info:    External font `lmex10' loaded for size
(Font)              <5> on input line 844.
<tesi_images/el_cl_pt.png, id=741, 363.3575pt x 280.04625pt>
File: tesi_images/el_cl_pt.png Graphic file (type png)
<use tesi_images/el_cl_pt.png>
Package pdftex.def Info: tesi_images/el_cl_pt.png  used on input line 849.
(pdftex.def)             Requested size: 188.21286pt x 145.06082pt.
<tesi_images/el_cl_eta.png, id=742, 379.4175pt x 281.05pt>
File: tesi_images/el_cl_eta.png Graphic file (type png)
<use tesi_images/el_cl_eta.png>
Package pdftex.def Info: tesi_images/el_cl_eta.png  used on input line 856.
(pdftex.def)             Requested size: 188.21286pt x 139.41821pt.


LaTeX Warning: `!h' float specifier changed to `!ht'.

<tesi_images/el_hit.png, id=744, 883.3pt x 279.0425pt>
File: tesi_images/el_hit.png Graphic file (type png)
<use tesi_images/el_hit.png>
Package pdftex.def Info: tesi_images/el_hit.png  used on input line 867.
(pdftex.def)             Requested size: 414.06932pt x 130.80936pt.

LaTeX Warning: `!h' float specifier changed to `!ht'.

[42]
<tesi_images/el_track_ep.png, id=762, 379.4175pt x 279.0425pt>
File: tesi_images/el_track_ep.png Graphic file (type png)
<use tesi_images/el_track_ep.png>
Package pdftex.def Info: tesi_images/el_track_ep.png  used on input line 881.
(pdftex.def)             Requested size: 188.21286pt x 138.42238pt.
<tesi_images/el_trackz0.png, id=763, 385.44pt x 279.0425pt>
File: tesi_images/el_trackz0.png Graphic file (type png)
<use tesi_images/el_trackz0.png>
Package pdftex.def Info: tesi_images/el_trackz0.png  used on input line 888.
(pdftex.def)             Requested size: 188.21286pt x 136.25513pt.


LaTeX Warning: `!h' float specifier changed to `!ht'.

[43 <./tesi_images/el_cl_pt.png> <./tesi_images/el_cl_eta.png> <./tesi_images/e
l_hit.png>]
<tesi_images/ph_zconv.png, id=774, 385.44pt x 279.0425pt>
File: tesi_images/ph_zconv.png Graphic file (type png)
<use tesi_images/ph_zconv.png>
Package pdftex.def Info: tesi_images/ph_zconv.png  used on input line 906.
(pdftex.def)             Requested size: 188.21286pt x 136.25513pt.
<tesi_images/ph_Rconv.png, id=775, 379.4175pt x 279.0425pt>
File: tesi_images/ph_Rconv.png Graphic file (type png)
<use tesi_images/ph_Rconv.png>
Package pdftex.def Info: tesi_images/ph_Rconv.png  used on input line 913.
(pdftex.def)             Requested size: 188.21286pt x 138.42238pt.
<tesi_images/ph_pts.png, id=777, 911.405pt x 279.0425pt>
File: tesi_images/ph_pts.png Graphic file (type png)
<use tesi_images/ph_pts.png>
Package pdftex.def Info: tesi_images/ph_pts.png  used on input line 924.
(pdftex.def)             Requested size: 418.25368pt x 128.05879pt.


LaTeX Warning: `!h' float specifier changed to `!ht'.

[44 <./tesi_images/el_track_ep.png> <./tesi_images/el_trackz0.png> <./tesi_imag
es/ph_zconv.png> <./tesi_images/ph_Rconv.png>]
<tesi_images/pt1_pt.png, id=792, 373.395pt x 280.04625pt>
File: tesi_images/pt1_pt.png Graphic file (type png)
<use tesi_images/pt1_pt.png>
Package pdftex.def Info: tesi_images/pt1_pt.png  used on input line 933.
(pdftex.def)             Requested size: 209.12683pt x 156.84618pt.
<tesi_images/model_hyper_loss.pdf, id=795, 433.62pt x 289.08pt>
File: tesi_images/model_hyper_loss.pdf Graphic file (type pdf)
<use tesi_images/model_hyper_loss.pdf>
Package pdftex.def Info: tesi_images/model_hyper_loss.pdf  used on input line 9
50.
(pdftex.def)             Requested size: 250.95476pt x 167.30481pt.
 [45 <./tesi_images/ph_pts.png> <./tesi_images/pt1_pt.png>]
<tesi_images/model_hyper_importance.pdf, id=804, 519.3081pt x 278.34865pt>
File: tesi_images/model_hyper_importance.pdf Graphic file (type pdf)
<use tesi_images/model_hyper_importance.pdf>
Package pdftex.def Info: tesi_images/model_hyper_importance.pdf  used on input 
line 959.
(pdftex.def)             Requested size: 334.60422pt x 179.35298pt.
<tesi_images/model_hyper_gain.pdf, id=805, 544.31364pt x 278.34865pt>
File: tesi_images/model_hyper_gain.pdf Graphic file (type pdf)
<use tesi_images/model_hyper_gain.pdf>
Package pdftex.def Info: tesi_images/model_hyper_gain.pdf  used on input line 9
66.
(pdftex.def)             Requested size: 334.60422pt x 171.11757pt.
 [46 <./tesi_images/model_hyper_loss.pdf> <./tesi_images/model_hyper_importance
.pdf

pdfTeX warning: /usr/bin/pdflatex (file ./tesi_images/model_hyper_importance.pd
f): PDF inclusion: multiple pdfs with page group included in a single page
>] [47 <./tesi_images/model_hyper_gain.pdf>]
<tesi_images/scores.png, id=949, 369.38pt x 279.0425pt>
File: tesi_images/scores.png Graphic file (type png)
<use tesi_images/scores.png>
Package pdftex.def Info: tesi_images/scores.png  used on input line 1023.
(pdftex.def)             Requested size: 250.95476pt x 189.58032pt.


LaTeX Warning: `!h' float specifier changed to `!ht'.

[48]
<tesi_images/dr_old.pdf, id=963, 361.35pt x 361.35pt>
File: tesi_images/dr_old.pdf Graphic file (type pdf)
<use tesi_images/dr_old.pdf>
Package pdftex.def Info: tesi_images/dr_old.pdf  used on input line 1049.
(pdftex.def)             Requested size: 250.95476pt x 250.95833pt.
 [49 <./tesi_images/scores.png>]
<tesi_images/all_amb_roc.pdf, id=971, 361.35pt x 361.35pt>
File: tesi_images/all_amb_roc.pdf Graphic file (type pdf)
<use tesi_images/all_amb_roc.pdf>
Package pdftex.def Info: tesi_images/all_amb_roc.pdf  used on input line 1067.
(pdftex.def)             Requested size: 271.86234pt x 271.86095pt.
 [50 <./tesi_images/dr_old.pdf>] [51 <./tesi_images/all_amb_roc.pdf>]
Chapter 5.
[52

] [53]
Appendix A.
File: tesi_images/pt1_pt.png Graphic file (type png)
<use tesi_images/pt1_pt.png>
Package pdftex.def Info: tesi_images/pt1_pt.png  used on input line 1095.
(pdftex.def)             Requested size: 188.21286pt x 141.15942pt.
<tesi_images/pt2_pt.png, id=1082, 373.395pt x 280.04625pt>
File: tesi_images/pt2_pt.png Graphic file (type png)
<use tesi_images/pt2_pt.png>
Package pdftex.def Info: tesi_images/pt2_pt.png  used on input line 1102.
(pdftex.def)             Requested size: 188.21286pt x 141.15942pt.
<tesi_images/pt1_pt2_el_2D.png, id=1083, 387.4475pt x 279.0425pt>
File: tesi_images/pt1_pt2_el_2D.png Graphic file (type png)
<use tesi_images/pt1_pt2_el_2D.png>
Package pdftex.def Info: tesi_images/pt1_pt2_el_2D.png  used on input line 1111
.
(pdftex.def)             Requested size: 188.21286pt x 135.5526pt.
<tesi_images/pt1_pt2_ph_2D.png, id=1084, 387.4475pt x 279.0425pt>
File: tesi_images/pt1_pt2_ph_2D.png Graphic file (type png)
<use tesi_images/pt1_pt2_ph_2D.png>
Package pdftex.def Info: tesi_images/pt1_pt2_ph_2D.png  used on input line 1118
.
(pdftex.def)             Requested size: 188.21286pt x 135.5526pt.
[54

 <./tesi_images/pt2_pt.png>] [55 <./tesi_images/pt1_pt2_el_2D.png> <./tesi_imag
es/pt1_pt2_ph_2D.png>]
Appendix B.

Overfull \hbox (39.47649pt too wide) in paragraph at lines 1132--1133
\T1/lmr/m/n/10.95 of the dom-i-nated la-bel. In this the-sis this pa-ram-e-ter 
is set to False (\T1/lmtt/m/n/10.95 is_unbalance==False\T1/lmr/m/n/10.95 ); 
 []

[56

]
Appendix C.
[57

]
Underfull \hbox (badness 10000) in paragraph at lines 1183--1186

 []


Underfull \hbox (badness 10000) in paragraph at lines 1187--1190
[]\T1/lmr/m/it/10.95 The AT-LAS Calorime-try []$\T1/lmtt/m/n/10.95 https : / / 
atlas . cern / discover / detector /
 []

[58


] [59]
Underfull \hbox (badness 1454) in paragraph at lines 1250--1253
\T1/lmr/m/it/10.95 LHC proton-proton col-li-sion data\T1/lmr/m/n/10.95 , AT-LAS
 Col-lab-o-ra-tion, JINST 14 (2019)
 []


Underfull \hbox (badness 3646) in paragraph at lines 1250--1253
\T1/lmr/m/n/10.95 P03017, CERN-EP-2018-296, DOI:[]$\T1/lmtt/m/n/10.95 https : /
 / arxiv . org / ct ? url = https % 3A % 2F %
 []


Underfull \hbox (badness 10000) in paragraph at lines 1250--1253
\T1/lmtt/m/n/10.95 2Fdx . doi . org % 2F10 . 1088 % 2F1748-[]0221 % 2F14 % 2F03
 % 2FP03017 & v = 7010984d$[]\T1/lmr/m/n/10.95 ,
 []


Underfull \hbox (badness 10000) in paragraph at lines 1253--1255

 []


Underfull \hbox (badness 6016) in paragraph at lines 1255--1258
[]\T1/lmr/m/it/10.95 A New Ap-proach to Lin-ear Fil-ter-ing and Pre-dic-tion Pr
ob-lems\T1/lmr/m/n/10.95 , R. E.
 []


Underfull \hbox (badness 10000) in paragraph at lines 1263--1265
[]\T1/lmr/m/it/10.95 Lifelong Ma-chine Learn-ing\T1/lmr/m/n/10.95 , Zhiyuan Che
n and Bing Liu, Mor-gan
 []


Underfull \hbox (badness 10000) in paragraph at lines 1263--1265
\T1/lmr/m/n/10.95 & Clay-pool Pub-lish-ers, Nov 2016, []$\T1/lmtt/m/n/10.95 htt
ps : / / www . cs . uic . edu / ~liub /
 []


Underfull \hbox (badness 10000) in paragraph at lines 1265--1267
[]$\T1/lmtt/m/n/10.95 https : / / scholar . google . it / scholar ? q = K . P .
 +Murphy ,[] +Machine + Learning .
 []


Underfull \hbox (badness 10000) in paragraph at lines 1265--1267
\T1/lmtt/m/n/10.95 +A + Probabilistic + Perspective + ,[] + MITpress + (2012 ) 
&hl = it & as _ sdt = 0 & as _
 []

[60]
Package atveryend Info: Empty hook `BeforeClearDocument' on input line 1298.
 [61]
Package atveryend Info: Empty hook `AfterLastShipout' on input line 1298.
 (./tesi.aux)
Package atveryend Info: Executing hook `AtVeryEndDocument' on input line 1298.
Package atveryend Info: Executing hook `AtEndAfterFileList' on input line 1298.

Package rerunfilecheck Info: File `tesi.out' has not changed.
(rerunfilecheck)             Checksum: 81362A7CCC4B8EBB60D136E1F719DB9D;3618.
Package atveryend Info: Empty hook `AtVeryVeryEnd' on input line 1298.
 ) 
Here is how much of TeX's memory you used:
 18672 strings out of 481239
 283003 string characters out of 5920377
 552995 words of memory out of 5000000
 33301 multiletter control sequences out of 15000+600000
 643950 words of font info for 91 fonts, out of 8000000 for 9000
 1141 hyphenation exceptions out of 8191
 50i,14n,49p,2205b,2341s stack positions out of 5000i,500n,10000p,200000b,80000s
pdfTeX warning (dest): name{Hfootnote.2} has been referenced but does not exi
st, replaced by a fixed one

pdfTeX warning (dest): name{Hfootnote.1} has been referenced but does not exist
, replaced by a fixed one

{/usr/share/texmf/fonts/enc/dvips/lm/lm-mathsy.enc}{/usr/share/texmf/fonts/enc/
dvips/lm/lm-rm.enc}{/usr/share/texmf/fonts/enc/dvips/lm/lm-mathit.enc}{/usr/sha
re/texmf/fonts/enc/dvips/lm/lm-ec.enc}{/usr/share/texmf/fonts/enc/dvips/lm/lm-m
athex.enc}{/usr/share/texmf/fonts/enc/dvips/lm/lm-ts1.enc}</usr/share/texmf/fon
ts/type1/public/lm/lmbx10.pfb></usr/share/texmf/fonts/type1/public/lm/lmbx12.pf
b></usr/share/texmf/fonts/type1/public/lm/lmbx8.pfb></usr/share/texmf/fonts/typ
e1/public/lm/lmbxi10.pfb></usr/share/texmf/fonts/type1/public/lm/lmcsc10.pfb></
usr/share/texmf/fonts/type1/public/lm/lmex10.pfb></usr/share/texmf/fonts/type1/
public/lm/lmmi10.pfb></usr/share/texmf/fonts/type1/public/lm/lmmi6.pfb></usr/sh
are/texmf/fonts/type1/public/lm/lmmi8.pfb></usr/share/texmf/fonts/type1/public/
lm/lmmi9.pfb></usr/share/texmf/fonts/type1/public/lm/lmmib10.pfb></usr/share/te
xmf/fonts/type1/public/lm/lmr10.pfb></usr/share/texmf/fonts/type1/public/lm/lmr
6.pfb></usr/share/texmf/fonts/type1/public/lm/lmr8.pfb></usr/share/texmf/fonts/
type1/public/lm/lmr9.pfb></usr/share/texmf/fonts/type1/public/lm/lmri10.pfb></u
sr/share/texmf/fonts/type1/public/lm/lmri9.pfb></usr/share/texmf/fonts/type1/pu
blic/lm/lmro10.pfb></usr/share/texmf/fonts/type1/public/lm/lmsy10.pfb></usr/sha
re/texmf/fonts/type1/public/lm/lmsy6.pfb></usr/share/texmf/fonts/type1/public/l
m/lmsy8.pfb></usr/share/texmf/fonts/type1/public/lm/lmsy9.pfb></usr/share/texmf
/fonts/type1/public/lm/lmtt10.pfb>
Output written on tesi.pdf (62 pages, 3771185 bytes).
PDF statistics:
 1361 PDF objects out of 1440 (max. 8388607)
 229 named destinations out of 1000 (max. 500000)
 594 words of extra memory for PDF output out of 10000 (max. 10000000)

